<?xml version="1.0" encoding="UTF-8"?>
<testsuite xmlns:xsi="http://www.w3.org/2001/XMLSchema-instance" xsi:noNamespaceSchemaLocation="https://maven.apache.org/surefire/maven-surefire-plugin/xsd/surefire-test-report.xsd" version="3.0.2" name="com.example.fhirconverter.ConversionControllerTest" time="4.144" tests="1" errors="0" skipped="0" failures="0">
  <properties>
    <property name="java.specification.version" value="22"/>
    <property name="sun.cpu.isalist" value="amd64"/>
    <property name="sun.jnu.encoding" value="Cp1252"/>
    <property name="java.class.path" value="C:\Users\Addison\Documents\GitHub\Custom-Fhir-Converter\target\test-classes;C:\Users\Addison\Documents\GitHub\Custom-Fhir-Converter\target\classes;C:\Users\Addison\.m2\repository\org\springframework\boot\spring-boot-starter-web\3.5.3\spring-boot-starter-web-3.5.3.jar;C:\Users\Addison\.m2\repository\org\springframework\boot\spring-boot-starter\3.5.3\spring-boot-starter-3.5.3.jar;C:\Users\Addison\.m2\repository\org\springframework\boot\spring-boot\3.5.3\spring-boot-3.5.3.jar;C:\Users\Addison\.m2\repository\org\springframework\boot\spring-boot-autoconfigure\3.5.3\spring-boot-autoconfigure-3.5.3.jar;C:\Users\Addison\.m2\repository\org\springframework\boot\spring-boot-starter-logging\3.5.3\spring-boot-starter-logging-3.5.3.jar;C:\Users\Addison\.m2\repository\ch\qos\logback\logback-classic\1.5.18\logback-classic-1.5.18.jar;C:\Users\Addison\.m2\repository\ch\qos\logback\logback-core\1.5.18\logback-core-1.5.18.jar;C:\Users\Addison\.m2\repository\org\apache\logging\log4j\log4j-to-slf4j\2.24.3\log4j-to-slf4j-2.24.3.jar;C:\Users\Addison\.m2\repository\org\apache\logging\log4j\log4j-api\2.24.3\log4j-api-2.24.3.jar;C:\Users\Addison\.m2\repository\org\slf4j\jul-to-slf4j\2.0.17\jul-to-slf4j-2.0.17.jar;C:\Users\Addison\.m2\repository\org\yaml\snakeyaml\2.4\snakeyaml-2.4.jar;C:\Users\Addison\.m2\repository\org\springframework\boot\spring-boot-starter-json\3.5.3\spring-boot-starter-json-3.5.3.jar;C:\Users\Addison\.m2\repository\com\fasterxml\jackson\datatype\jackson-datatype-jdk8\2.19.1\jackson-datatype-jdk8-2.19.1.jar;C:\Users\Addison\.m2\repository\com\fasterxml\jackson\module\jackson-module-parameter-names\2.19.1\jackson-module-parameter-names-2.19.1.jar;C:\Users\Addison\.m2\repository\org\springframework\boot\spring-boot-starter-tomcat\3.5.3\spring-boot-starter-tomcat-3.5.3.jar;C:\Users\Addison\.m2\repository\org\apache\tomcat\embed\tomcat-embed-core\10.1.42\tomcat-embed-core-10.1.42.jar;C:\Users\Addison\.m2\repository\org\apache\tomcat\embed\tomcat-embed-websocket\10.1.42\tomcat-embed-websocket-10.1.42.jar;C:\Users\Addison\.m2\repository\org\springframework\spring-web\6.2.8\spring-web-6.2.8.jar;C:\Users\Addison\.m2\repository\org\springframework\spring-beans\6.2.8\spring-beans-6.2.8.jar;C:\Users\Addison\.m2\repository\org\springframework\spring-webmvc\6.2.8\spring-webmvc-6.2.8.jar;C:\Users\Addison\.m2\repository\org\springframework\spring-aop\6.2.8\spring-aop-6.2.8.jar;C:\Users\Addison\.m2\repository\org\springframework\spring-context\6.2.8\spring-context-6.2.8.jar;C:\Users\Addison\.m2\repository\org\springframework\spring-expression\6.2.8\spring-expression-6.2.8.jar;C:\Users\Addison\.m2\repository\org\springframework\boot\spring-boot-starter-validation\3.5.3\spring-boot-starter-validation-3.5.3.jar;C:\Users\Addison\.m2\repository\org\apache\tomcat\embed\tomcat-embed-el\10.1.42\tomcat-embed-el-10.1.42.jar;C:\Users\Addison\.m2\repository\org\hibernate\validator\hibernate-validator\8.0.2.Final\hibernate-validator-8.0.2.Final.jar;C:\Users\Addison\.m2\repository\jakarta\validation\jakarta.validation-api\3.0.2\jakarta.validation-api-3.0.2.jar;C:\Users\Addison\.m2\repository\org\jboss\logging\jboss-logging\3.6.1.Final\jboss-logging-3.6.1.Final.jar;C:\Users\Addison\.m2\repository\com\fasterxml\classmate\1.7.0\classmate-1.7.0.jar;C:\Users\Addison\.m2\repository\org\springframework\boot\spring-boot-starter-actuator\3.5.3\spring-boot-starter-actuator-3.5.3.jar;C:\Users\Addison\.m2\repository\org\springframework\boot\spring-boot-actuator-autoconfigure\3.5.3\spring-boot-actuator-autoconfigure-3.5.3.jar;C:\Users\Addison\.m2\repository\org\springframework\boot\spring-boot-actuator\3.5.3\spring-boot-actuator-3.5.3.jar;C:\Users\Addison\.m2\repository\io\micrometer\micrometer-observation\1.15.1\micrometer-observation-1.15.1.jar;C:\Users\Addison\.m2\repository\io\micrometer\micrometer-commons\1.15.1\micrometer-commons-1.15.1.jar;C:\Users\Addison\.m2\repository\io\micrometer\micrometer-jakarta9\1.15.1\micrometer-jakarta9-1.15.1.jar;C:\Users\Addison\.m2\repository\io\micrometer\micrometer-core\1.15.1\micrometer-core-1.15.1.jar;C:\Users\Addison\.m2\repository\org\hdrhistogram\HdrHistogram\2.2.2\HdrHistogram-2.2.2.jar;C:\Users\Addison\.m2\repository\org\latencyutils\LatencyUtils\2.0.3\LatencyUtils-2.0.3.jar;C:\Users\Addison\.m2\repository\ca\uhn\hapi\fhir\hapi-fhir-structures-r4\8.0.0\hapi-fhir-structures-r4-8.0.0.jar;C:\Users\Addison\.m2\repository\ca\uhn\hapi\fhir\hapi-fhir-base\8.0.0\hapi-fhir-base-8.0.0.jar;C:\Users\Addison\.m2\repository\org\apache\commons\commons-lang3\3.17.0\commons-lang3-3.17.0.jar;C:\Users\Addison\.m2\repository\org\apache\commons\commons-text\1.10.0\commons-text-1.10.0.jar;C:\Users\Addison\.m2\repository\commons-codec\commons-codec\1.18.0\commons-codec-1.18.0.jar;C:\Users\Addison\.m2\repository\commons-io\commons-io\2.17.0\commons-io-2.17.0.jar;C:\Users\Addison\.m2\repository\org\slf4j\slf4j-api\2.0.17\slf4j-api-2.0.17.jar;C:\Users\Addison\.m2\repository\org\slf4j\jcl-over-slf4j\2.0.17\jcl-over-slf4j-2.0.17.jar;C:\Users\Addison\.m2\repository\com\google\code\findbugs\jsr305\3.0.2\jsr305-3.0.2.jar;C:\Users\Addison\.m2\repository\io\opentelemetry\opentelemetry-api\1.49.0\opentelemetry-api-1.49.0.jar;C:\Users\Addison\.m2\repository\io\opentelemetry\opentelemetry-context\1.49.0\opentelemetry-context-1.49.0.jar;C:\Users\Addison\.m2\repository\ca\uhn\hapi\fhir\org.hl7.fhir.utilities\6.4.0\org.hl7.fhir.utilities-6.4.0.jar;C:\Users\Addison\.m2\repository\com\ibm\icu\icu4j\72.1\icu4j-72.1.jar;C:\Users\Addison\.m2\repository\ca\uhn\hapi\fhir\org.hl7.fhir.r4\6.4.0\org.hl7.fhir.r4-6.4.0.jar;C:\Users\Addison\.m2\repository\ca\uhn\hapi\fhir\hapi-fhir-caching-api\8.0.0\hapi-fhir-caching-api-8.0.0.jar;C:\Users\Addison\.m2\repository\jakarta\annotation\jakarta.annotation-api\2.1.1\jakarta.annotation-api-2.1.1.jar;C:\Users\Addison\.m2\repository\io\opentelemetry\instrumentation\opentelemetry-instrumentation-annotations\2.10.0\opentelemetry-instrumentation-annotations-2.10.0.jar;C:\Users\Addison\.m2\repository\ca\uhn\hapi\fhir\hapi-fhir-validation\8.0.0\hapi-fhir-validation-8.0.0.jar;C:\Users\Addison\.m2\repository\ca\uhn\hapi\fhir\hapi-fhir-converter\8.0.0\hapi-fhir-converter-8.0.0.jar;C:\Users\Addison\.m2\repository\ca\uhn\hapi\fhir\org.hl7.fhir.convertors\6.4.0\org.hl7.fhir.convertors-6.4.0.jar;C:\Users\Addison\.m2\repository\ca\uhn\hapi\fhir\org.hl7.fhir.r4b\6.4.0\org.hl7.fhir.r4b-6.4.0.jar;C:\Users\Addison\.m2\repository\org\xerial\sqlite-jdbc\3.49.1.0\sqlite-jdbc-3.49.1.0.jar;C:\Users\Addison\.m2\repository\ca\uhn\hapi\fhir\org.hl7.fhir.validation\6.4.0\org.hl7.fhir.validation-6.4.0.jar;C:\Users\Addison\.m2\repository\ca\uhn\hapi\fhir\org.hl7.fhir.dstu2\6.4.0\org.hl7.fhir.dstu2-6.4.0.jar;C:\Users\Addison\.m2\repository\ca\uhn\hapi\fhir\org.hl7.fhir.dstu2016may\6.4.0\org.hl7.fhir.dstu2016may-6.4.0.jar;C:\Users\Addison\.m2\repository\ca\uhn\hapi\fhir\org.hl7.fhir.dstu3\6.4.0\org.hl7.fhir.dstu3-6.4.0.jar;C:\Users\Addison\.m2\repository\ca\uhn\hapi\fhir\org.hl7.fhir.r5\6.4.0\org.hl7.fhir.r5-6.4.0.jar;C:\Users\Addison\.m2\repository\com\nimbusds\nimbus-jose-jwt\9.37.3\nimbus-jose-jwt-9.37.3.jar;C:\Users\Addison\.m2\repository\com\github\stephenc\jcip\jcip-annotations\1.0-1\jcip-annotations-1.0-1.jar;C:\Users\Addison\.m2\repository\net\sourceforge\plantuml\plantuml-mit\1.2023.9\plantuml-mit-1.2023.9.jar;C:\Users\Addison\.m2\repository\net\sf\saxon\Saxon-HE\11.6\Saxon-HE-11.6.jar;C:\Users\Addison\.m2\repository\org\xmlresolver\xmlresolver\5.2.1\xmlresolver-5.2.1.jar;C:\Users\Addison\.m2\repository\org\apache\httpcomponents\client5\httpclient5\5.5\httpclient5-5.5.jar;C:\Users\Addison\.m2\repository\org\apache\httpcomponents\core5\httpcore5-h2\5.3.4\httpcore5-h2-5.3.4.jar;C:\Users\Addison\.m2\repository\org\apache\httpcomponents\core5\httpcore5\5.3.4\httpcore5-5.3.4.jar;C:\Users\Addison\.m2\repository\org\xmlresolver\xmlresolver\5.2.1\xmlresolver-5.2.1-data.jar;C:\Users\Addison\.m2\repository\org\ogce\xpp3\1.1.6\xpp3-1.1.6.jar;C:\Users\Addison\.m2\repository\jakarta-regexp\jakarta-regexp\1.4\jakarta-regexp-1.4.jar;C:\Users\Addison\.m2\repository\org\apache\commons\commons-compress\1.27.1\commons-compress-1.27.1.jar;C:\Users\Addison\.m2\repository\org\thymeleaf\thymeleaf\3.1.3.RELEASE\thymeleaf-3.1.3.RELEASE.jar;C:\Users\Addison\.m2\repository\ognl\ognl\3.3.4\ognl-3.3.4.jar;C:\Users\Addison\.m2\repository\org\javassist\javassist\3.29.0-GA\javassist-3.29.0-GA.jar;C:\Users\Addison\.m2\repository\org\attoparser\attoparser\2.0.7.RELEASE\attoparser-2.0.7.RELEASE.jar;C:\Users\Addison\.m2\repository\org\unbescape\unbescape\1.1.6.RELEASE\unbescape-1.1.6.RELEASE.jar;C:\Users\Addison\.m2\repository\org\fhir\ucum\1.0.9\ucum-1.0.9.jar;C:\Users\Addison\.m2\repository\com\google\code\gson\gson\2.13.1\gson-2.13.1.jar;C:\Users\Addison\.m2\repository\ca\uhn\hapi\fhir\hapi-fhir-structures-r5\8.0.0\hapi-fhir-structures-r5-8.0.0.jar;C:\Users\Addison\.m2\repository\com\google\guava\guava\33.2.1-jre\guava-33.2.1-jre.jar;C:\Users\Addison\.m2\repository\com\google\guava\failureaccess\1.0.2\failureaccess-1.0.2.jar;C:\Users\Addison\.m2\repository\com\google\guava\listenablefuture\9999.0-empty-to-avoid-conflict-with-guava\listenablefuture-9999.0-empty-to-avoid-conflict-with-guava.jar;C:\Users\Addison\.m2\repository\org\checkerframework\checker-qual\3.42.0\checker-qual-3.42.0.jar;C:\Users\Addison\.m2\repository\com\google\j2objc\j2objc-annotations\3.0.0\j2objc-annotations-3.0.0.jar;C:\Users\Addison\.m2\repository\org\apache\httpcomponents\httpclient\4.5.14\httpclient-4.5.14.jar;C:\Users\Addison\.m2\repository\org\apache\httpcomponents\httpcore\4.4.16\httpcore-4.4.16.jar;C:\Users\Addison\.m2\repository\commons-logging\commons-logging\1.2\commons-logging-1.2.jar;C:\Users\Addison\.m2\repository\ca\uhn\hapi\fhir\hapi-fhir-validation-resources-r4\8.0.0\hapi-fhir-validation-resources-r4-8.0.0.jar;C:\Users\Addison\.m2\repository\nl\big-o\liqp\0.9.2.3\liqp-0.9.2.3.jar;C:\Users\Addison\.m2\repository\com\fasterxml\jackson\core\jackson-annotations\2.19.1\jackson-annotations-2.19.1.jar;C:\Users\Addison\.m2\repository\com\fasterxml\jackson\core\jackson-core\2.19.1\jackson-core-2.19.1.jar;C:\Users\Addison\.m2\repository\com\fasterxml\jackson\core\jackson-databind\2.19.1\jackson-databind-2.19.1.jar;C:\Users\Addison\.m2\repository\ua\co\k\strftime4j\1.0.6\strftime4j-1.0.6.jar;C:\Users\Addison\.m2\repository\org\projectlombok\lombok\1.18.38\lombok-1.18.38.jar;C:\Users\Addison\.m2\repository\com\fasterxml\jackson\datatype\jackson-datatype-jsr310\2.19.1\jackson-datatype-jsr310-2.19.1.jar;C:\Users\Addison\.m2\repository\org\springframework\boot\spring-boot-starter-cache\3.5.3\spring-boot-starter-cache-3.5.3.jar;C:\Users\Addison\.m2\repository\org\springframework\spring-context-support\6.2.8\spring-context-support-6.2.8.jar;C:\Users\Addison\.m2\repository\com\github\ben-manes\caffeine\caffeine\3.2.1\caffeine-3.2.1.jar;C:\Users\Addison\.m2\repository\org\jspecify\jspecify\1.0.0\jspecify-1.0.0.jar;C:\Users\Addison\.m2\repository\com\google\errorprone\error_prone_annotations\2.38.0\error_prone_annotations-2.38.0.jar;C:\Users\Addison\.m2\repository\org\springframework\boot\spring-boot-starter-test\3.5.3\spring-boot-starter-test-3.5.3.jar;C:\Users\Addison\.m2\repository\org\springframework\boot\spring-boot-test\3.5.3\spring-boot-test-3.5.3.jar;C:\Users\Addison\.m2\repository\org\springframework\boot\spring-boot-test-autoconfigure\3.5.3\spring-boot-test-autoconfigure-3.5.3.jar;C:\Users\Addison\.m2\repository\com\jayway\jsonpath\json-path\2.9.0\json-path-2.9.0.jar;C:\Users\Addison\.m2\repository\jakarta\xml\bind\jakarta.xml.bind-api\4.0.2\jakarta.xml.bind-api-4.0.2.jar;C:\Users\Addison\.m2\repository\jakarta\activation\jakarta.activation-api\2.1.3\jakarta.activation-api-2.1.3.jar;C:\Users\Addison\.m2\repository\net\minidev\json-smart\2.5.2\json-smart-2.5.2.jar;C:\Users\Addison\.m2\repository\net\minidev\accessors-smart\2.5.2\accessors-smart-2.5.2.jar;C:\Users\Addison\.m2\repository\org\ow2\asm\asm\9.7.1\asm-9.7.1.jar;C:\Users\Addison\.m2\repository\org\assertj\assertj-core\3.27.3\assertj-core-3.27.3.jar;C:\Users\Addison\.m2\repository\net\bytebuddy\byte-buddy\1.17.6\byte-buddy-1.17.6.jar;C:\Users\Addison\.m2\repository\org\awaitility\awaitility\4.2.2\awaitility-4.2.2.jar;C:\Users\Addison\.m2\repository\org\hamcrest\hamcrest\3.0\hamcrest-3.0.jar;C:\Users\Addison\.m2\repository\org\junit\jupiter\junit-jupiter\5.12.2\junit-jupiter-5.12.2.jar;C:\Users\Addison\.m2\repository\org\junit\jupiter\junit-jupiter-params\5.12.2\junit-jupiter-params-5.12.2.jar;C:\Users\Addison\.m2\repository\org\junit\jupiter\junit-jupiter-engine\5.12.2\junit-jupiter-engine-5.12.2.jar;C:\Users\Addison\.m2\repository\org\junit\platform\junit-platform-engine\1.12.2\junit-platform-engine-1.12.2.jar;C:\Users\Addison\.m2\repository\org\mockito\mockito-core\5.17.0\mockito-core-5.17.0.jar;C:\Users\Addison\.m2\repository\net\bytebuddy\byte-buddy-agent\1.17.6\byte-buddy-agent-1.17.6.jar;C:\Users\Addison\.m2\repository\org\objenesis\objenesis\3.3\objenesis-3.3.jar;C:\Users\Addison\.m2\repository\org\skyscreamer\jsonassert\1.5.3\jsonassert-1.5.3.jar;C:\Users\Addison\.m2\repository\com\vaadin\external\google\android-json\0.0.20131108.vaadin1\android-json-0.0.20131108.vaadin1.jar;C:\Users\Addison\.m2\repository\org\springframework\spring-core\6.2.8\spring-core-6.2.8.jar;C:\Users\Addison\.m2\repository\org\springframework\spring-jcl\6.2.8\spring-jcl-6.2.8.jar;C:\Users\Addison\.m2\repository\org\springframework\spring-test\6.2.8\spring-test-6.2.8.jar;C:\Users\Addison\.m2\repository\org\xmlunit\xmlunit-core\2.10.2\xmlunit-core-2.10.2.jar;C:\Users\Addison\.m2\repository\org\mockito\mockito-junit-jupiter\5.17.0\mockito-junit-jupiter-5.17.0.jar;C:\Users\Addison\.m2\repository\org\junit\jupiter\junit-jupiter-api\5.12.2\junit-jupiter-api-5.12.2.jar;C:\Users\Addison\.m2\repository\org\opentest4j\opentest4j\1.3.0\opentest4j-1.3.0.jar;C:\Users\Addison\.m2\repository\org\junit\platform\junit-platform-commons\1.12.2\junit-platform-commons-1.12.2.jar;C:\Users\Addison\.m2\repository\org\apiguardian\apiguardian-api\1.1.2\apiguardian-api-1.1.2.jar;"/>
    <property name="java.vm.vendor" value="Oracle Corporation"/>
    <property name="sun.arch.data.model" value="64"/>
    <property name="user.variant" value=""/>
    <property name="java.vendor.url" value="https://java.oracle.com/"/>
    <property name="user.timezone" value="America/New_York"/>
    <property name="org.jboss.logging.provider" value="slf4j"/>
    <property name="os.name" value="Windows 11"/>
    <property name="java.vm.specification.version" value="22"/>
    <property name="APPLICATION_NAME" value="fhir-json-converter"/>
    <property name="sun.java.launcher" value="SUN_STANDARD"/>
    <property name="user.country" value="US"/>
    <property name="sun.boot.library.path" value="C:\Program Files\OpenJDK\jdk-22.0.2\bin"/>
    <property name="sun.java.command" value="C:\Users\Addison\AppData\Local\Temp\surefire12119465847941435846\surefirebooter-20250718180920474_3.jar C:\Users\Addison\AppData\Local\Temp\surefire12119465847941435846 2025-07-18T18-09-20_406-jvmRun1 surefire-20250718180920474_1tmp surefire_0-20250718180920474_2tmp"/>
    <property name="jdk.debug" value="release"/>
    <property name="surefire.test.class.path" value="C:\Users\Addison\Documents\GitHub\Custom-Fhir-Converter\target\test-classes;C:\Users\Addison\Documents\GitHub\Custom-Fhir-Converter\target\classes;C:\Users\Addison\.m2\repository\org\springframework\boot\spring-boot-starter-web\3.5.3\spring-boot-starter-web-3.5.3.jar;C:\Users\Addison\.m2\repository\org\springframework\boot\spring-boot-starter\3.5.3\spring-boot-starter-3.5.3.jar;C:\Users\Addison\.m2\repository\org\springframework\boot\spring-boot\3.5.3\spring-boot-3.5.3.jar;C:\Users\Addison\.m2\repository\org\springframework\boot\spring-boot-autoconfigure\3.5.3\spring-boot-autoconfigure-3.5.3.jar;C:\Users\Addison\.m2\repository\org\springframework\boot\spring-boot-starter-logging\3.5.3\spring-boot-starter-logging-3.5.3.jar;C:\Users\Addison\.m2\repository\ch\qos\logback\logback-classic\1.5.18\logback-classic-1.5.18.jar;C:\Users\Addison\.m2\repository\ch\qos\logback\logback-core\1.5.18\logback-core-1.5.18.jar;C:\Users\Addison\.m2\repository\org\apache\logging\log4j\log4j-to-slf4j\2.24.3\log4j-to-slf4j-2.24.3.jar;C:\Users\Addison\.m2\repository\org\apache\logging\log4j\log4j-api\2.24.3\log4j-api-2.24.3.jar;C:\Users\Addison\.m2\repository\org\slf4j\jul-to-slf4j\2.0.17\jul-to-slf4j-2.0.17.jar;C:\Users\Addison\.m2\repository\org\yaml\snakeyaml\2.4\snakeyaml-2.4.jar;C:\Users\Addison\.m2\repository\org\springframework\boot\spring-boot-starter-json\3.5.3\spring-boot-starter-json-3.5.3.jar;C:\Users\Addison\.m2\repository\com\fasterxml\jackson\datatype\jackson-datatype-jdk8\2.19.1\jackson-datatype-jdk8-2.19.1.jar;C:\Users\Addison\.m2\repository\com\fasterxml\jackson\module\jackson-module-parameter-names\2.19.1\jackson-module-parameter-names-2.19.1.jar;C:\Users\Addison\.m2\repository\org\springframework\boot\spring-boot-starter-tomcat\3.5.3\spring-boot-starter-tomcat-3.5.3.jar;C:\Users\Addison\.m2\repository\org\apache\tomcat\embed\tomcat-embed-core\10.1.42\tomcat-embed-core-10.1.42.jar;C:\Users\Addison\.m2\repository\org\apache\tomcat\embed\tomcat-embed-websocket\10.1.42\tomcat-embed-websocket-10.1.42.jar;C:\Users\Addison\.m2\repository\org\springframework\spring-web\6.2.8\spring-web-6.2.8.jar;C:\Users\Addison\.m2\repository\org\springframework\spring-beans\6.2.8\spring-beans-6.2.8.jar;C:\Users\Addison\.m2\repository\org\springframework\spring-webmvc\6.2.8\spring-webmvc-6.2.8.jar;C:\Users\Addison\.m2\repository\org\springframework\spring-aop\6.2.8\spring-aop-6.2.8.jar;C:\Users\Addison\.m2\repository\org\springframework\spring-context\6.2.8\spring-context-6.2.8.jar;C:\Users\Addison\.m2\repository\org\springframework\spring-expression\6.2.8\spring-expression-6.2.8.jar;C:\Users\Addison\.m2\repository\org\springframework\boot\spring-boot-starter-validation\3.5.3\spring-boot-starter-validation-3.5.3.jar;C:\Users\Addison\.m2\repository\org\apache\tomcat\embed\tomcat-embed-el\10.1.42\tomcat-embed-el-10.1.42.jar;C:\Users\Addison\.m2\repository\org\hibernate\validator\hibernate-validator\8.0.2.Final\hibernate-validator-8.0.2.Final.jar;C:\Users\Addison\.m2\repository\jakarta\validation\jakarta.validation-api\3.0.2\jakarta.validation-api-3.0.2.jar;C:\Users\Addison\.m2\repository\org\jboss\logging\jboss-logging\3.6.1.Final\jboss-logging-3.6.1.Final.jar;C:\Users\Addison\.m2\repository\com\fasterxml\classmate\1.7.0\classmate-1.7.0.jar;C:\Users\Addison\.m2\repository\org\springframework\boot\spring-boot-starter-actuator\3.5.3\spring-boot-starter-actuator-3.5.3.jar;C:\Users\Addison\.m2\repository\org\springframework\boot\spring-boot-actuator-autoconfigure\3.5.3\spring-boot-actuator-autoconfigure-3.5.3.jar;C:\Users\Addison\.m2\repository\org\springframework\boot\spring-boot-actuator\3.5.3\spring-boot-actuator-3.5.3.jar;C:\Users\Addison\.m2\repository\io\micrometer\micrometer-observation\1.15.1\micrometer-observation-1.15.1.jar;C:\Users\Addison\.m2\repository\io\micrometer\micrometer-commons\1.15.1\micrometer-commons-1.15.1.jar;C:\Users\Addison\.m2\repository\io\micrometer\micrometer-jakarta9\1.15.1\micrometer-jakarta9-1.15.1.jar;C:\Users\Addison\.m2\repository\io\micrometer\micrometer-core\1.15.1\micrometer-core-1.15.1.jar;C:\Users\Addison\.m2\repository\org\hdrhistogram\HdrHistogram\2.2.2\HdrHistogram-2.2.2.jar;C:\Users\Addison\.m2\repository\org\latencyutils\LatencyUtils\2.0.3\LatencyUtils-2.0.3.jar;C:\Users\Addison\.m2\repository\ca\uhn\hapi\fhir\hapi-fhir-structures-r4\8.0.0\hapi-fhir-structures-r4-8.0.0.jar;C:\Users\Addison\.m2\repository\ca\uhn\hapi\fhir\hapi-fhir-base\8.0.0\hapi-fhir-base-8.0.0.jar;C:\Users\Addison\.m2\repository\org\apache\commons\commons-lang3\3.17.0\commons-lang3-3.17.0.jar;C:\Users\Addison\.m2\repository\org\apache\commons\commons-text\1.10.0\commons-text-1.10.0.jar;C:\Users\Addison\.m2\repository\commons-codec\commons-codec\1.18.0\commons-codec-1.18.0.jar;C:\Users\Addison\.m2\repository\commons-io\commons-io\2.17.0\commons-io-2.17.0.jar;C:\Users\Addison\.m2\repository\org\slf4j\slf4j-api\2.0.17\slf4j-api-2.0.17.jar;C:\Users\Addison\.m2\repository\org\slf4j\jcl-over-slf4j\2.0.17\jcl-over-slf4j-2.0.17.jar;C:\Users\Addison\.m2\repository\com\google\code\findbugs\jsr305\3.0.2\jsr305-3.0.2.jar;C:\Users\Addison\.m2\repository\io\opentelemetry\opentelemetry-api\1.49.0\opentelemetry-api-1.49.0.jar;C:\Users\Addison\.m2\repository\io\opentelemetry\opentelemetry-context\1.49.0\opentelemetry-context-1.49.0.jar;C:\Users\Addison\.m2\repository\ca\uhn\hapi\fhir\org.hl7.fhir.utilities\6.4.0\org.hl7.fhir.utilities-6.4.0.jar;C:\Users\Addison\.m2\repository\com\ibm\icu\icu4j\72.1\icu4j-72.1.jar;C:\Users\Addison\.m2\repository\ca\uhn\hapi\fhir\org.hl7.fhir.r4\6.4.0\org.hl7.fhir.r4-6.4.0.jar;C:\Users\Addison\.m2\repository\ca\uhn\hapi\fhir\hapi-fhir-caching-api\8.0.0\hapi-fhir-caching-api-8.0.0.jar;C:\Users\Addison\.m2\repository\jakarta\annotation\jakarta.annotation-api\2.1.1\jakarta.annotation-api-2.1.1.jar;C:\Users\Addison\.m2\repository\io\opentelemetry\instrumentation\opentelemetry-instrumentation-annotations\2.10.0\opentelemetry-instrumentation-annotations-2.10.0.jar;C:\Users\Addison\.m2\repository\ca\uhn\hapi\fhir\hapi-fhir-validation\8.0.0\hapi-fhir-validation-8.0.0.jar;C:\Users\Addison\.m2\repository\ca\uhn\hapi\fhir\hapi-fhir-converter\8.0.0\hapi-fhir-converter-8.0.0.jar;C:\Users\Addison\.m2\repository\ca\uhn\hapi\fhir\org.hl7.fhir.convertors\6.4.0\org.hl7.fhir.convertors-6.4.0.jar;C:\Users\Addison\.m2\repository\ca\uhn\hapi\fhir\org.hl7.fhir.r4b\6.4.0\org.hl7.fhir.r4b-6.4.0.jar;C:\Users\Addison\.m2\repository\org\xerial\sqlite-jdbc\3.49.1.0\sqlite-jdbc-3.49.1.0.jar;C:\Users\Addison\.m2\repository\ca\uhn\hapi\fhir\org.hl7.fhir.validation\6.4.0\org.hl7.fhir.validation-6.4.0.jar;C:\Users\Addison\.m2\repository\ca\uhn\hapi\fhir\org.hl7.fhir.dstu2\6.4.0\org.hl7.fhir.dstu2-6.4.0.jar;C:\Users\Addison\.m2\repository\ca\uhn\hapi\fhir\org.hl7.fhir.dstu2016may\6.4.0\org.hl7.fhir.dstu2016may-6.4.0.jar;C:\Users\Addison\.m2\repository\ca\uhn\hapi\fhir\org.hl7.fhir.dstu3\6.4.0\org.hl7.fhir.dstu3-6.4.0.jar;C:\Users\Addison\.m2\repository\ca\uhn\hapi\fhir\org.hl7.fhir.r5\6.4.0\org.hl7.fhir.r5-6.4.0.jar;C:\Users\Addison\.m2\repository\com\nimbusds\nimbus-jose-jwt\9.37.3\nimbus-jose-jwt-9.37.3.jar;C:\Users\Addison\.m2\repository\com\github\stephenc\jcip\jcip-annotations\1.0-1\jcip-annotations-1.0-1.jar;C:\Users\Addison\.m2\repository\net\sourceforge\plantuml\plantuml-mit\1.2023.9\plantuml-mit-1.2023.9.jar;C:\Users\Addison\.m2\repository\net\sf\saxon\Saxon-HE\11.6\Saxon-HE-11.6.jar;C:\Users\Addison\.m2\repository\org\xmlresolver\xmlresolver\5.2.1\xmlresolver-5.2.1.jar;C:\Users\Addison\.m2\repository\org\apache\httpcomponents\client5\httpclient5\5.5\httpclient5-5.5.jar;C:\Users\Addison\.m2\repository\org\apache\httpcomponents\core5\httpcore5-h2\5.3.4\httpcore5-h2-5.3.4.jar;C:\Users\Addison\.m2\repository\org\apache\httpcomponents\core5\httpcore5\5.3.4\httpcore5-5.3.4.jar;C:\Users\Addison\.m2\repository\org\xmlresolver\xmlresolver\5.2.1\xmlresolver-5.2.1-data.jar;C:\Users\Addison\.m2\repository\org\ogce\xpp3\1.1.6\xpp3-1.1.6.jar;C:\Users\Addison\.m2\repository\jakarta-regexp\jakarta-regexp\1.4\jakarta-regexp-1.4.jar;C:\Users\Addison\.m2\repository\org\apache\commons\commons-compress\1.27.1\commons-compress-1.27.1.jar;C:\Users\Addison\.m2\repository\org\thymeleaf\thymeleaf\3.1.3.RELEASE\thymeleaf-3.1.3.RELEASE.jar;C:\Users\Addison\.m2\repository\ognl\ognl\3.3.4\ognl-3.3.4.jar;C:\Users\Addison\.m2\repository\org\javassist\javassist\3.29.0-GA\javassist-3.29.0-GA.jar;C:\Users\Addison\.m2\repository\org\attoparser\attoparser\2.0.7.RELEASE\attoparser-2.0.7.RELEASE.jar;C:\Users\Addison\.m2\repository\org\unbescape\unbescape\1.1.6.RELEASE\unbescape-1.1.6.RELEASE.jar;C:\Users\Addison\.m2\repository\org\fhir\ucum\1.0.9\ucum-1.0.9.jar;C:\Users\Addison\.m2\repository\com\google\code\gson\gson\2.13.1\gson-2.13.1.jar;C:\Users\Addison\.m2\repository\ca\uhn\hapi\fhir\hapi-fhir-structures-r5\8.0.0\hapi-fhir-structures-r5-8.0.0.jar;C:\Users\Addison\.m2\repository\com\google\guava\guava\33.2.1-jre\guava-33.2.1-jre.jar;C:\Users\Addison\.m2\repository\com\google\guava\failureaccess\1.0.2\failureaccess-1.0.2.jar;C:\Users\Addison\.m2\repository\com\google\guava\listenablefuture\9999.0-empty-to-avoid-conflict-with-guava\listenablefuture-9999.0-empty-to-avoid-conflict-with-guava.jar;C:\Users\Addison\.m2\repository\org\checkerframework\checker-qual\3.42.0\checker-qual-3.42.0.jar;C:\Users\Addison\.m2\repository\com\google\j2objc\j2objc-annotations\3.0.0\j2objc-annotations-3.0.0.jar;C:\Users\Addison\.m2\repository\org\apache\httpcomponents\httpclient\4.5.14\httpclient-4.5.14.jar;C:\Users\Addison\.m2\repository\org\apache\httpcomponents\httpcore\4.4.16\httpcore-4.4.16.jar;C:\Users\Addison\.m2\repository\commons-logging\commons-logging\1.2\commons-logging-1.2.jar;C:\Users\Addison\.m2\repository\ca\uhn\hapi\fhir\hapi-fhir-validation-resources-r4\8.0.0\hapi-fhir-validation-resources-r4-8.0.0.jar;C:\Users\Addison\.m2\repository\nl\big-o\liqp\0.9.2.3\liqp-0.9.2.3.jar;C:\Users\Addison\.m2\repository\com\fasterxml\jackson\core\jackson-annotations\2.19.1\jackson-annotations-2.19.1.jar;C:\Users\Addison\.m2\repository\com\fasterxml\jackson\core\jackson-core\2.19.1\jackson-core-2.19.1.jar;C:\Users\Addison\.m2\repository\com\fasterxml\jackson\core\jackson-databind\2.19.1\jackson-databind-2.19.1.jar;C:\Users\Addison\.m2\repository\ua\co\k\strftime4j\1.0.6\strftime4j-1.0.6.jar;C:\Users\Addison\.m2\repository\org\projectlombok\lombok\1.18.38\lombok-1.18.38.jar;C:\Users\Addison\.m2\repository\com\fasterxml\jackson\datatype\jackson-datatype-jsr310\2.19.1\jackson-datatype-jsr310-2.19.1.jar;C:\Users\Addison\.m2\repository\org\springframework\boot\spring-boot-starter-cache\3.5.3\spring-boot-starter-cache-3.5.3.jar;C:\Users\Addison\.m2\repository\org\springframework\spring-context-support\6.2.8\spring-context-support-6.2.8.jar;C:\Users\Addison\.m2\repository\com\github\ben-manes\caffeine\caffeine\3.2.1\caffeine-3.2.1.jar;C:\Users\Addison\.m2\repository\org\jspecify\jspecify\1.0.0\jspecify-1.0.0.jar;C:\Users\Addison\.m2\repository\com\google\errorprone\error_prone_annotations\2.38.0\error_prone_annotations-2.38.0.jar;C:\Users\Addison\.m2\repository\org\springframework\boot\spring-boot-starter-test\3.5.3\spring-boot-starter-test-3.5.3.jar;C:\Users\Addison\.m2\repository\org\springframework\boot\spring-boot-test\3.5.3\spring-boot-test-3.5.3.jar;C:\Users\Addison\.m2\repository\org\springframework\boot\spring-boot-test-autoconfigure\3.5.3\spring-boot-test-autoconfigure-3.5.3.jar;C:\Users\Addison\.m2\repository\com\jayway\jsonpath\json-path\2.9.0\json-path-2.9.0.jar;C:\Users\Addison\.m2\repository\jakarta\xml\bind\jakarta.xml.bind-api\4.0.2\jakarta.xml.bind-api-4.0.2.jar;C:\Users\Addison\.m2\repository\jakarta\activation\jakarta.activation-api\2.1.3\jakarta.activation-api-2.1.3.jar;C:\Users\Addison\.m2\repository\net\minidev\json-smart\2.5.2\json-smart-2.5.2.jar;C:\Users\Addison\.m2\repository\net\minidev\accessors-smart\2.5.2\accessors-smart-2.5.2.jar;C:\Users\Addison\.m2\repository\org\ow2\asm\asm\9.7.1\asm-9.7.1.jar;C:\Users\Addison\.m2\repository\org\assertj\assertj-core\3.27.3\assertj-core-3.27.3.jar;C:\Users\Addison\.m2\repository\net\bytebuddy\byte-buddy\1.17.6\byte-buddy-1.17.6.jar;C:\Users\Addison\.m2\repository\org\awaitility\awaitility\4.2.2\awaitility-4.2.2.jar;C:\Users\Addison\.m2\repository\org\hamcrest\hamcrest\3.0\hamcrest-3.0.jar;C:\Users\Addison\.m2\repository\org\junit\jupiter\junit-jupiter\5.12.2\junit-jupiter-5.12.2.jar;C:\Users\Addison\.m2\repository\org\junit\jupiter\junit-jupiter-params\5.12.2\junit-jupiter-params-5.12.2.jar;C:\Users\Addison\.m2\repository\org\junit\jupiter\junit-jupiter-engine\5.12.2\junit-jupiter-engine-5.12.2.jar;C:\Users\Addison\.m2\repository\org\junit\platform\junit-platform-engine\1.12.2\junit-platform-engine-1.12.2.jar;C:\Users\Addison\.m2\repository\org\mockito\mockito-core\5.17.0\mockito-core-5.17.0.jar;C:\Users\Addison\.m2\repository\net\bytebuddy\byte-buddy-agent\1.17.6\byte-buddy-agent-1.17.6.jar;C:\Users\Addison\.m2\repository\org\objenesis\objenesis\3.3\objenesis-3.3.jar;C:\Users\Addison\.m2\repository\org\skyscreamer\jsonassert\1.5.3\jsonassert-1.5.3.jar;C:\Users\Addison\.m2\repository\com\vaadin\external\google\android-json\0.0.20131108.vaadin1\android-json-0.0.20131108.vaadin1.jar;C:\Users\Addison\.m2\repository\org\springframework\spring-core\6.2.8\spring-core-6.2.8.jar;C:\Users\Addison\.m2\repository\org\springframework\spring-jcl\6.2.8\spring-jcl-6.2.8.jar;C:\Users\Addison\.m2\repository\org\springframework\spring-test\6.2.8\spring-test-6.2.8.jar;C:\Users\Addison\.m2\repository\org\xmlunit\xmlunit-core\2.10.2\xmlunit-core-2.10.2.jar;C:\Users\Addison\.m2\repository\org\mockito\mockito-junit-jupiter\5.17.0\mockito-junit-jupiter-5.17.0.jar;C:\Users\Addison\.m2\repository\org\junit\jupiter\junit-jupiter-api\5.12.2\junit-jupiter-api-5.12.2.jar;C:\Users\Addison\.m2\repository\org\opentest4j\opentest4j\1.3.0\opentest4j-1.3.0.jar;C:\Users\Addison\.m2\repository\org\junit\platform\junit-platform-commons\1.12.2\junit-platform-commons-1.12.2.jar;C:\Users\Addison\.m2\repository\org\apiguardian\apiguardian-api\1.1.2\apiguardian-api-1.1.2.jar;"/>
    <property name="sun.cpu.endian" value="little"/>
    <property name="user.home" value="C:\Users\Addison"/>
    <property name="user.language" value="en"/>
    <property name="java.specification.vendor" value="Oracle Corporation"/>
    <property name="java.version.date" value="2024-07-16"/>
    <property name="java.home" value="C:\Program Files\OpenJDK\jdk-22.0.2"/>
    <property name="file.separator" value="\"/>
    <property name="basedir" value="C:\Users\Addison\Documents\GitHub\Custom-Fhir-Converter"/>
    <property name="java.vm.compressedOopsMode" value="Zero based"/>
    <property name="line.separator" value="&#10;"/>
    <property name="java.vm.specification.vendor" value="Oracle Corporation"/>
    <property name="java.specification.name" value="Java Platform API Specification"/>
    <property name="FILE_LOG_CHARSET" value="UTF-8"/>
    <property name="java.awt.headless" value="true"/>
    <property name="surefire.real.class.path" value="C:\Users\Addison\AppData\Local\Temp\surefire12119465847941435846\surefirebooter-20250718180920474_3.jar"/>
    <property name="user.script" value=""/>
    <property name="sun.management.compiler" value="HotSpot 64-Bit Tiered Compilers"/>
    <property name="java.runtime.version" value="22.0.2+9-70"/>
    <property name="user.name" value="Addison"/>
    <property name="stdout.encoding" value="Cp1252"/>
    <property name="path.separator" value=";"/>
    <property name="os.version" value="10.0"/>
    <property name="java.runtime.name" value="OpenJDK Runtime Environment"/>
    <property name="file.encoding" value="UTF-8"/>
    <property name="java.vm.name" value="OpenJDK 64-Bit Server VM"/>
    <property name="localRepository" value="C:\Users\Addison\.m2\repository"/>
    <property name="java.vendor.url.bug" value="https://bugreport.java.com/bugreport/"/>
    <property name="java.io.tmpdir" value="C:\Users\Addison\AppData\Local\Temp\"/>
    <property name="java.version" value="22.0.2"/>
    <property name="user.dir" value="C:\Users\Addison\Documents\GitHub\Custom-Fhir-Converter"/>
    <property name="os.arch" value="amd64"/>
    <property name="java.vm.specification.name" value="Java Virtual Machine Specification"/>
    <property name="PID" value="3344"/>
    <property name="sun.os.patch.level" value=""/>
    <property name="CONSOLE_LOG_CHARSET" value="windows-1252"/>
    <property name="native.encoding" value="Cp1252"/>
    <property name="java.library.path" value="C:\Program Files\OpenJDK\jdk-22.0.2\bin;C:\WINDOWS\Sun\Java\bin;C:\WINDOWS\system32;C:\WINDOWS;C:\Users\Addison\bin;C:\Users\Addison\scoop\apps\git\2.49.0\mingw64\bin;C:\Users\Addison\scoop\apps\git\2.49.0\usr\local\bin;C:\Users\Addison\scoop\apps\git\2.49.0\usr\bin;C:\Users\Addison\scoop\apps\git\2.49.0\usr\bin;C:\Users\Addison\scoop\apps\git\2.49.0\mingw64\bin;C:\Users\Addison\scoop\apps\git\2.49.0\usr\bin;C:\Users\Addison\bin;C:\WINDOWS\system32;C:\WINDOWS;C:\WINDOWS\System32\Wbem;C:\WINDOWS\System32\WindowsPowerShell\v1.0;C:\WINDOWS\System32\OpenSSH;C:\Program Files (x86)\NVIDIA Corporation\PhysX\Common;C:\Program Files\NVIDIA Corporation\NVIDIA NvDLISR;C:\ProgramData\chocolatey\bin;C:\Program Files\Git\cmd;C:\Program Files\GitHub CLI;C:\Program Files\Docker\Docker\resources\bin;C:\Program Files\dotnet;C:\Program Files\nodejs;C:\Program Files\Go\bin;C:\Program Files\PowerShell\7;C:\tools\php83;C:\Program Files\Amazon\AWSCLIV2;C:\ProgramData\chocolatey\lib\maven\apache-maven-3.9.11\bin;C:\Program Files\OpenJDK\jdk-22.0.2\bin;C:\Users\Addison\pipx\venvs\zotify\Scripts\zotify.exe;C:\Users\Addison\scoop\apps\python\current;C:\Users\Addison\scoop\shims;C:\Users\Addison\AppData\Local\pnpm;C:\Users\Addison\AppData\Local\Programs\Python\Python311\Scripts;C:\Users\Addison\AppData\Local\Programs\Python\Python311;C:\Users\Addison\AppData\Local\Microsoft\WindowsApps;C:\Users\Addison\AppData\Local\JetBrains\Toolbox\scripts;C:\Users\Addison\AppData\Local\Programs\Microsoft VS Code\bin;C:\Exercism;C:\Users\Addison\AppData\Roaming\npm;C:\Users\Addison\go\bin;C:\Users\Addison\AppData\Local\Microsoft\WindowsApps;C:\users\addison\appdata\roaming\python\python313\scripts;C:\users\addison\.local\bin;C:\Users\Addison\AppData\Local\GitHubDesktop\bin;C:\Users\Addison\scoop\apps\git\current\bin\bash.exe;C:\Users\Addison\scoop\apps\git\2.49.0\usr\bin\vendor_perl;C:\Users\Addison\scoop\apps\git\2.49.0\usr\bin\core_perl;."/>
    <property name="java.vm.info" value="mixed mode, sharing"/>
    <property name="stderr.encoding" value="Cp1252"/>
    <property name="java.vendor" value="Oracle Corporation"/>
    <property name="java.vm.version" value="22.0.2+9-70"/>
    <property name="sun.io.unicode.encoding" value="UnicodeLittle"/>
    <property name="java.class.version" value="66.0"/>
    <property name="LOGGED_APPLICATION_NAME" value="[fhir-json-converter] "/>
  </properties>
  <testcase name="testPatientConversion" classname="com.example.fhirconverter.ConversionControllerTest" time="1.298">
    <system-out><![CDATA[18:09:20.965 [main] INFO org.springframework.test.context.support.AnnotationConfigContextLoaderUtils -- Could not detect default configuration classes for test class [com.example.fhirconverter.ConversionControllerTest]: ConversionControllerTest does not declare any static, non-private, non-final, nested classes annotated with @Configuration.
18:09:21.043 [main] INFO org.springframework.boot.test.context.SpringBootTestContextBootstrapper -- Found @SpringBootConfiguration com.example.fhirconverter.FhirConverterApplication for test class com.example.fhirconverter.ConversionControllerTest

  .   ____          _            __ _ _
 /\\ / ___'_ __ _ _(_)_ __  __ _ \ \ \ \
( ( )\___ | '_ | '_| | '_ \/ _` | \ \ \ \
 \\/  ___)| |_)| | | | | || (_| |  ) ) ) )
  '  |____| .__|_| |_|_| |_\__, | / / / /
 =========|_|==============|___/=/_/_/_/

 :: Spring Boot ::                (v3.5.3)

2025-07-18T18:09:21.398-04:00  INFO 3344 --- [fhir-json-converter] [           main] c.e.f.ConversionControllerTest           : Starting ConversionControllerTest using Java 22.0.2 with PID 3344 (started by Addison in C:\Users\Addison\Documents\GitHub\Custom-Fhir-Converter)
2025-07-18T18:09:21.398-04:00 DEBUG 3344 --- [fhir-json-converter] [           main] c.e.f.ConversionControllerTest           : Running with Spring Boot v3.5.3, Spring v6.2.8
2025-07-18T18:09:21.399-04:00  INFO 3344 --- [fhir-json-converter] [           main] c.e.f.ConversionControllerTest           : No active profile set, falling back to 1 default profile: "default"
2025-07-18T18:09:22.506-04:00  INFO 3344 --- [fhir-json-converter] [           main] ca.uhn.fhir.util.VersionUtil             : HAPI FHIR version 8.0.0 - Rev 091beb6d18
2025-07-18T18:09:22.511-04:00  INFO 3344 --- [fhir-json-converter] [           main] ca.uhn.fhir.context.FhirContext          : Creating new FHIR context for FHIR version [R4]
2025-07-18T18:09:22.519-04:00  INFO 3344 --- [fhir-json-converter] [           main] ca.uhn.fhir.validation.FhirValidator     : Ph-schematron library not found on classpath, will not attempt to perform schematron validation
2025-07-18T18:09:23.464-04:00  WARN 3344 --- [fhir-json-converter] [           main] i.m.c.i.b.cache.CaffeineCacheMetrics     : The cache 'templates' is not recording statistics. No meters except 'cache.size' will be registered. Call 'Caffeine#recordStats()' prior to building the cache for metrics to be recorded.
2025-07-18T18:09:23.573-04:00  INFO 3344 --- [fhir-json-converter] [           main] o.s.b.t.m.w.SpringBootMockServletContext : Initializing Spring TestDispatcherServlet ''
2025-07-18T18:09:23.574-04:00  INFO 3344 --- [fhir-json-converter] [           main] o.s.t.web.servlet.TestDispatcherServlet  : Initializing Servlet ''
2025-07-18T18:09:23.579-04:00  INFO 3344 --- [fhir-json-converter] [           main] o.s.b.a.e.web.EndpointLinksResolver      : Exposing 3 endpoints beneath base path '/actuator'
2025-07-18T18:09:23.590-04:00  INFO 3344 --- [fhir-json-converter] [           main] o.s.t.web.servlet.TestDispatcherServlet  : Completed initialization in 14 ms
2025-07-18T18:09:23.661-04:00  INFO 3344 --- [fhir-json-converter] [           main] c.e.f.ConversionControllerTest           : Started ConversionControllerTest in 2.522 seconds (process running for 3.106)
2025-07-18T18:09:24.164-04:00  INFO 3344 --- [fhir-json-converter] [           main] c.e.f.controller.ConversionController    : Converting Patient resource
2025-07-18T18:09:24.541-04:00 DEBUG 3344 --- [fhir-json-converter] [           main] c.e.f.service.ValidationService          : Validating Patient resource
2025-07-18T18:09:24.887-04:00  INFO 3344 --- [fhir-json-converter] [           main] ca.uhn.fhir.util.XmlUtil                 : Unable to determine StAX implementation: java.xml/META-INF/MANIFEST.MF not found
]]></system-out>
    <system-err><![CDATA[Mockito is currently self-attaching to enable the inline-mock-maker. This will no longer work in future releases of the JDK. Please add Mockito as an agent to your build as described in Mockito's documentation: https://javadoc.io/doc/org.mockito/mockito-core/latest/org.mockito/org/mockito/Mockito.html#0.3
WARNING: A Java agent has been loaded dynamically (C:\Users\Addison\.m2\repository\net\bytebuddy\byte-buddy-agent\1.17.6\byte-buddy-agent-1.17.6.jar)
WARNING: If a serviceability tool is in use, please run with -XX:+EnableDynamicAgentLoading to hide this warning
WARNING: If a serviceability tool is not in use, please run with -Djdk.instrument.traceUsage for more information
WARNING: Dynamic loading of agents will be disallowed by default in a future release
]]></system-err>
  </testcase>
</testsuite>